2021-01-21 17:06:21,141 INFO o.a.j.u.JMeterUtils: Setting Locale to es_CL
2021-01-21 17:06:21,193 INFO o.a.j.u.JMeterUtils: Could not find resources for 'es_CL', using 'es'
2021-01-21 17:06:21,195 INFO o.a.j.JMeter: Loading system properties from: system.properties
2021-01-21 17:06:21,201 INFO o.a.j.JMeter: Copyright (c) 1998-2018 The Apache Software Foundation
2021-01-21 17:06:21,202 INFO o.a.j.JMeter: Version 4.0 r1823414
2021-01-21 17:06:21,202 INFO o.a.j.JMeter: java.version=1.8.0_275
2021-01-21 17:06:21,202 INFO o.a.j.JMeter: java.vm.name=OpenJDK 64-Bit Server VM
2021-01-21 17:06:21,202 INFO o.a.j.JMeter: os.name=Mac OS X
2021-01-21 17:06:21,202 INFO o.a.j.JMeter: os.arch=x86_64
2021-01-21 17:06:21,202 INFO o.a.j.JMeter: os.version=10.14.6
2021-01-21 17:06:21,202 INFO o.a.j.JMeter: file.encoding=UTF-8
2021-01-21 17:06:21,202 INFO o.a.j.JMeter: Max memory     =514850816
2021-01-21 17:06:21,202 INFO o.a.j.JMeter: Available Processors =12
2021-01-21 17:06:21,213 INFO o.a.j.JMeter: Default Locale=español (Chile)
2021-01-21 17:06:21,213 INFO o.a.j.JMeter: JMeter  Locale=español (Chile)
2021-01-21 17:06:21,213 INFO o.a.j.JMeter: JMeterHome=/Users/rodrigorojas/Documents/Rodrigo/ejemploJMeterMaven/target/jmeter
2021-01-21 17:06:21,213 INFO o.a.j.JMeter: user.dir  =/Users/rodrigorojas/Documents/Rodrigo/ejemploJMeterMaven/target/jmeter/bin
2021-01-21 17:06:21,213 INFO o.a.j.JMeter: PWD       =/Users/rodrigorojas/Documents/Rodrigo/ejemploJMeterMaven/target/jmeter/bin
2021-01-21 17:06:21,233 INFO o.a.j.JMeter: IP: 192.168.0.5 Name: MacBook-Pro-de-Rodrigo.local FullName: 192.168.0.5
2021-01-21 17:06:21,235 INFO o.a.j.JMeter: Setting property 'jmeter.reportgenerator.outputdir' to:'/Users/rodrigorojas/Documents/Rodrigo/ejemploJMeterMaven/target/jmeter/reports/EjemploRecord_20210121_170620'
2021-01-21 17:06:21,238 INFO o.a.j.s.FileServer: Default base='/Users/rodrigorojas/Documents/Rodrigo/ejemploJMeterMaven/target/jmeter/bin'
2021-01-21 17:06:21,249 INFO o.a.j.s.FileServer: Set new base='/Users/rodrigorojas/Documents/Rodrigo/ejemploJMeterMaven/target/jmeter/testFiles'
2021-01-21 17:06:21,410 INFO o.a.j.s.SaveService: Testplan (JMX) version: 2.2. Testlog (JTL) version: 2.2
2021-01-21 17:06:21,431 INFO o.a.j.s.SaveService: Using SaveService properties file encoding UTF-8
2021-01-21 17:06:21,435 INFO o.a.j.s.SaveService: Using SaveService properties version 4.0
2021-01-21 17:06:21,442 INFO o.a.j.s.SaveService: Loading file: /Users/rodrigorojas/Documents/Rodrigo/ejemploJMeterMaven/target/jmeter/testFiles/EjemploRecord.jmx
2021-01-21 17:06:21,668 INFO o.a.j.e.KeyToolUtils: keytool found at 'keytool'
2021-01-21 17:06:21,668 INFO o.a.j.p.h.p.ProxyControl: HTTP(S) Test Script Recorder SSL Proxy will use keys that support embedded 3rd party resources in file /Users/rodrigorojas/Documents/Rodrigo/ejemploJMeterMaven/target/jmeter/bin/proxyserver.jks
2021-01-21 17:06:21,682 INFO o.a.j.p.h.s.HTTPSamplerBase: Parser for text/html is org.apache.jmeter.protocol.http.parser.LagartoBasedHtmlParser
2021-01-21 17:06:21,682 INFO o.a.j.p.h.s.HTTPSamplerBase: Parser for application/xhtml+xml is org.apache.jmeter.protocol.http.parser.LagartoBasedHtmlParser
2021-01-21 17:06:21,682 INFO o.a.j.p.h.s.HTTPSamplerBase: Parser for application/xml is org.apache.jmeter.protocol.http.parser.LagartoBasedHtmlParser
2021-01-21 17:06:21,682 INFO o.a.j.p.h.s.HTTPSamplerBase: Parser for text/xml is org.apache.jmeter.protocol.http.parser.LagartoBasedHtmlParser
2021-01-21 17:06:21,682 INFO o.a.j.p.h.s.HTTPSamplerBase: Parser for text/vnd.wap.wml is org.apache.jmeter.protocol.http.parser.RegexpHTMLParser
2021-01-21 17:06:21,682 INFO o.a.j.p.h.s.HTTPSamplerBase: Parser for text/css is org.apache.jmeter.protocol.http.parser.CssParser
2021-01-21 17:06:21,738 INFO o.a.j.JMeter: Creating summariser <summary>
2021-01-21 17:06:21,743 INFO o.a.j.r.d.ReportGenerator: ReportGenerator will use for Parsing the separator: ','
2021-01-21 17:06:21,744 INFO o.a.j.r.d.ReportGenerator: Will generate report at end of test from  results file: /Users/rodrigorojas/Documents/Rodrigo/ejemploJMeterMaven/target/jmeter/results/20210121-EjemploRecord.csv
2021-01-21 17:06:21,744 INFO o.a.j.r.d.ReportGenerator: Reading report generator properties from: /Users/rodrigorojas/Documents/Rodrigo/ejemploJMeterMaven/target/jmeter/bin/reportgenerator.properties
2021-01-21 17:06:21,746 INFO o.a.j.r.d.ReportGenerator: Merging with JMeter properties
2021-01-21 17:06:21,753 INFO o.a.j.r.c.ReportGeneratorConfiguration: Property 'jmeter.reportgenerator.temp_dir' not found, using default value 'temp' instead.
2021-01-21 17:06:21,755 INFO o.a.j.r.c.ReportGeneratorConfiguration: Property 'jmeter.reportgenerator.apdex_per_transaction' not found, using default value 'null' instead.
2021-01-21 17:06:21,755 INFO o.a.j.r.c.ReportGeneratorConfiguration: apdex_per_transaction : {} is empty, not APDEX per transaction customization
2021-01-21 17:06:21,755 INFO o.a.j.r.c.ReportGeneratorConfiguration: Property 'jmeter.reportgenerator.sample_filter' not found, using default value 'null' instead.
2021-01-21 17:06:21,755 INFO o.a.j.r.c.ReportGeneratorConfiguration: Property 'jmeter.reportgenerator.report_title' not found, using default value 'null' instead.
2021-01-21 17:06:21,755 INFO o.a.j.r.c.ReportGeneratorConfiguration: Property 'jmeter.reportgenerator.start_date' not found, using default value 'null' instead.
2021-01-21 17:06:21,756 INFO o.a.j.r.c.ReportGeneratorConfiguration: Property 'jmeter.reportgenerator.end_date' not found, using default value 'null' instead.
2021-01-21 17:06:21,756 INFO o.a.j.r.c.ReportGeneratorConfiguration: Property 'jmeter.reportgenerator.date_format' not found, using default value 'null' instead.
2021-01-21 17:06:21,756 INFO o.a.j.r.c.ReportGeneratorConfiguration: Will use date range start date: null, end date: null
2021-01-21 17:06:21,762 INFO o.a.j.r.c.ReportGeneratorConfiguration: Property 'jmeter.reportgenerator.graph.activeThreadsOverTime.exclude_controllers' not found, using default value 'false' instead.
2021-01-21 17:06:21,762 INFO o.a.j.r.c.ReportGeneratorConfiguration: Property 'jmeter.reportgenerator.graph.timeVsThreads.exclude_controllers' not found, using default value 'false' instead.
2021-01-21 17:06:21,762 INFO o.a.j.r.c.ReportGeneratorConfiguration: Property 'jmeter.reportgenerator.graph.responseTimeDistribution.exclude_controllers' not found, using default value 'false' instead.
2021-01-21 17:06:21,762 INFO o.a.j.r.c.ReportGeneratorConfiguration: Property 'jmeter.reportgenerator.graph.transactionsPerSecond.exclude_controllers' not found, using default value 'false' instead.
2021-01-21 17:06:21,763 INFO o.a.j.r.c.ReportGeneratorConfiguration: Property 'jmeter.reportgenerator.graph.responseTimePercentiles.exclude_controllers' not found, using default value 'false' instead.
2021-01-21 17:06:21,763 INFO o.a.j.r.c.ReportGeneratorConfiguration: Property 'jmeter.reportgenerator.graph.responseTimePercentilesOverTime.exclude_controllers' not found, using default value 'false' instead.
2021-01-21 17:06:21,763 INFO o.a.j.r.c.ReportGeneratorConfiguration: Property 'jmeter.reportgenerator.graph.responseTimesOverTime.exclude_controllers' not found, using default value 'false' instead.
2021-01-21 17:06:21,763 INFO o.a.j.r.c.ReportGeneratorConfiguration: Property 'jmeter.reportgenerator.graph.connectTimeOverTime.exclude_controllers' not found, using default value 'false' instead.
2021-01-21 17:06:21,763 INFO o.a.j.r.c.ReportGeneratorConfiguration: Property 'jmeter.reportgenerator.graph.latenciesOverTime.exclude_controllers' not found, using default value 'false' instead.
2021-01-21 17:06:21,764 INFO o.a.j.r.c.ReportGeneratorConfiguration: Property 'jmeter.reportgenerator.exporter.html.filters_only_sample_series' not found, using default value 'true' instead.
2021-01-21 17:06:21,764 INFO o.a.j.r.c.ReportGeneratorConfiguration: Property 'jmeter.reportgenerator.exporter.html.series_filter' not found, using default value '' instead.
2021-01-21 17:06:21,764 INFO o.a.j.r.c.ReportGeneratorConfiguration: Property 'jmeter.reportgenerator.exporter.html.show_controllers_only' not found, using default value 'false' instead.
2021-01-21 17:06:21,769 INFO o.a.j.e.StandardJMeterEngine: Running the test!
2021-01-21 17:06:21,770 INFO o.a.j.s.SampleEvent: List of sample_variables: []
2021-01-21 17:06:21,770 INFO o.a.j.s.SampleEvent: List of sample_variables: []
2021-01-21 17:06:21,774 INFO o.a.j.e.u.CompoundVariable: Note: Function class names must contain the string: '.functions.'
2021-01-21 17:06:21,775 INFO o.a.j.e.u.CompoundVariable: Note: Function class names must not contain the string: '.gui.'
2021-01-21 17:06:22,166 INFO o.a.j.JMeter: Test lanzado (1611259582166)
2021-01-21 17:06:22,246 INFO o.a.j.e.StandardJMeterEngine: Starting ThreadGroup: 1 : Thread Group
2021-01-21 17:06:22,246 INFO o.a.j.e.StandardJMeterEngine: Starting 1 threads for group Thread Group.
2021-01-21 17:06:22,247 INFO o.a.j.e.StandardJMeterEngine: Thread will continue on error
2021-01-21 17:06:22,247 INFO o.a.j.t.ThreadGroup: Starting thread group... number=1 threads=1 ramp-up=1 perThread=1000.0 delayedStart=false
2021-01-21 17:06:22,253 INFO o.a.j.t.ThreadGroup: Started thread group number 1
2021-01-21 17:06:22,253 INFO o.a.j.e.StandardJMeterEngine: All thread groups have been started
2021-01-21 17:06:22,254 INFO o.a.j.t.JMeterThread: Thread started: Thread Group 1-1
2021-01-21 17:06:22,284 INFO o.a.j.p.h.s.HTTPHCAbstractImpl: Local host = MacBook-Pro-de-Rodrigo.local
2021-01-21 17:06:22,290 INFO o.a.j.p.h.s.HTTPHC4Impl: HTTP request retry count = 0
2021-01-21 17:06:22,299 INFO o.a.j.s.SampleResult: Note: Sample TimeStamps are START times
2021-01-21 17:06:22,299 INFO o.a.j.s.SampleResult: sampleresult.default.encoding is set to ISO-8859-1
2021-01-21 17:06:22,299 INFO o.a.j.s.SampleResult: sampleresult.useNanoTime=true
2021-01-21 17:06:22,299 INFO o.a.j.s.SampleResult: sampleresult.nanoThreadSleep=5000
2021-01-21 17:06:22,441 INFO o.a.j.p.h.s.LazySchemeSocketFactory: Setting up HTTPS TrustAll Socket Factory
2021-01-21 17:06:22,448 INFO o.a.j.u.JsseSSLManager: Using default SSL protocol: TLS
2021-01-21 17:06:22,448 INFO o.a.j.u.JsseSSLManager: SSL session context: per-thread
2021-01-21 17:06:22,592 INFO o.a.j.u.SSLManager: JmeterKeyStore Location:  type JKS
2021-01-21 17:06:22,593 INFO o.a.j.u.SSLManager: KeyStore created OK
2021-01-21 17:06:22,593 WARN o.a.j.u.SSLManager: Keystore file not found, loading empty keystore
2021-01-21 17:06:27,438 INFO o.a.j.t.JMeterThread: Thread is done: Thread Group 1-1
2021-01-21 17:06:27,438 INFO o.a.j.t.JMeterThread: Thread finished: Thread Group 1-1
2021-01-21 17:06:27,440 INFO o.a.j.e.StandardJMeterEngine: Notifying test listeners of end of test
2021-01-21 17:06:27,441 INFO o.a.j.r.Summariser: summary =     17 in 00:00:05 =    3,2/s Avg:   300 Min:    17 Max:  1171 Err:     1 (5,88%)
2021-01-21 17:06:27,441 INFO o.a.j.JMeter: Generating Dashboard
2021-01-21 17:06:27,441 INFO o.a.j.r.d.ReportGenerator: Flushing result collector before report Generation
2021-01-21 17:06:27,451 INFO o.a.j.r.p.NormalizerSampleConsumer: Using format, 'ms', to parse timeStamp field
2021-01-21 17:06:27,530 INFO o.a.j.r.p.AbstractSampleConsumer: class org.apache.jmeter.report.processor.AggregateConsumer#stopProducing(): beginDate produced 0 samples
2021-01-21 17:06:27,530 INFO o.a.j.r.p.AbstractSampleConsumer: class org.apache.jmeter.report.processor.AggregateConsumer#stopProducing(): endDate produced 0 samples
2021-01-21 17:06:27,533 INFO o.a.j.r.p.AbstractSampleConsumer: class org.apache.jmeter.report.processor.ApdexSummaryConsumer#stopProducing(): apdexSummary produced 0 samples
2021-01-21 17:06:27,533 INFO o.a.j.r.p.AbstractSampleConsumer: class org.apache.jmeter.report.processor.RequestsSummaryConsumer#stopProducing(): requestsSummary produced 0 samples
2021-01-21 17:06:27,538 INFO o.a.j.r.p.AbstractSampleConsumer: class org.apache.jmeter.report.processor.StatisticsSummaryConsumer#stopProducing(): statisticsSummary produced 0 samples
2021-01-21 17:06:27,546 INFO o.a.j.r.p.AbstractSampleConsumer: class org.apache.jmeter.report.processor.Top5ErrorsBySamplerConsumer#stopProducing(): top5ErrorsBySampler produced 0 samples
2021-01-21 17:06:27,546 INFO o.a.j.r.p.AbstractSampleConsumer: class org.apache.jmeter.report.processor.ErrorsSummaryConsumer#stopProducing(): errorsSummary produced 0 samples
2021-01-21 17:06:27,546 INFO o.a.j.r.p.AbstractSampleConsumer: class org.apache.jmeter.report.processor.graph.impl.HitsPerSecondGraphConsumer#stopProducing(): hitsPerSecond produced 0 samples
2021-01-21 17:06:27,556 INFO o.a.j.r.p.AbstractSampleConsumer: class org.apache.jmeter.report.processor.graph.impl.LatencyVSRequestGraphConsumer#stopProducing(): latencyVsRequest produced 0 samples
2021-01-21 17:06:27,557 INFO o.a.j.r.p.AbstractSampleConsumer: class org.apache.jmeter.report.processor.graph.impl.SyntheticResponseTimeDistributionGraphConsumer#stopProducing(): syntheticResponseTimeDistribution produced 0 samples
2021-01-21 17:06:27,557 INFO o.a.j.r.p.AbstractSampleConsumer: class org.apache.jmeter.report.processor.graph.impl.BytesThroughputGraphConsumer#stopProducing(): bytesThroughputOverTime produced 0 samples
2021-01-21 17:06:27,557 INFO o.a.j.r.p.AbstractSampleConsumer: class org.apache.jmeter.report.processor.graph.impl.CodesPerSecondGraphConsumer#stopProducing(): codesPerSecond produced 0 samples
2021-01-21 17:06:27,560 INFO o.a.j.r.p.AbstractSampleConsumer: class org.apache.jmeter.report.processor.graph.impl.ResponseTimeVSRequestGraphConsumer#stopProducing(): responseTimeVsRequest produced 0 samples
2021-01-21 17:06:27,560 INFO o.a.j.r.p.AbstractSampleConsumer: class org.apache.jmeter.report.processor.FilterConsumer#stopProducing(): startIntervalControlerFilter produced 119 samples
2021-01-21 17:06:27,560 INFO o.a.j.r.p.AbstractSampleConsumer: class org.apache.jmeter.report.processor.graph.impl.ActiveThreadsGraphConsumer#stopProducing(): activeThreadsOverTime produced 0 samples
2021-01-21 17:06:27,560 INFO o.a.j.r.p.AbstractSampleConsumer: class org.apache.jmeter.report.processor.graph.impl.TimeVSThreadGraphConsumer#stopProducing(): timeVsThreads produced 0 samples
2021-01-21 17:06:27,561 INFO o.a.j.r.p.AbstractSampleConsumer: class org.apache.jmeter.report.processor.graph.impl.ResponseTimeDistributionGraphConsumer#stopProducing(): responseTimeDistribution produced 0 samples
2021-01-21 17:06:27,561 INFO o.a.j.r.p.AbstractSampleConsumer: class org.apache.jmeter.report.processor.graph.impl.TransactionsPerSecondGraphConsumer#stopProducing(): transactionsPerSecond produced 0 samples
2021-01-21 17:06:27,561 INFO o.a.j.r.p.AbstractSampleConsumer: class org.apache.jmeter.report.processor.graph.impl.ResponseTimePercentilesGraphConsumer#stopProducing(): responseTimePercentiles produced 0 samples
2021-01-21 17:06:27,565 INFO o.a.j.r.p.AbstractSampleConsumer: class org.apache.jmeter.report.processor.graph.impl.ResponseTimePercentilesOverTimeGraphConsumer#stopProducing(): responseTimePercentilesOverTime produced 0 samples
2021-01-21 17:06:27,566 INFO o.a.j.r.p.AbstractSampleConsumer: class org.apache.jmeter.report.processor.graph.impl.ResponseTimeOverTimeGraphConsumer#stopProducing(): responseTimesOverTime produced 0 samples
2021-01-21 17:06:27,566 INFO o.a.j.r.p.AbstractSampleConsumer: class org.apache.jmeter.report.processor.graph.impl.ConnectTimeOverTimeGraphConsumer#stopProducing(): connectTimeOverTime produced 0 samples
2021-01-21 17:06:27,566 INFO o.a.j.r.p.AbstractSampleConsumer: class org.apache.jmeter.report.processor.graph.impl.LatencyOverTimeGraphConsumer#stopProducing(): latenciesOverTime produced 0 samples
2021-01-21 17:06:27,566 INFO o.a.j.r.p.AbstractSampleConsumer: class org.apache.jmeter.report.processor.FilterConsumer#stopProducing(): nameFilter produced 238 samples
2021-01-21 17:06:27,566 INFO o.a.j.r.p.AbstractSampleConsumer: class org.apache.jmeter.report.processor.FilterConsumer#stopProducing(): dateRangeFilter produced 51 samples
2021-01-21 17:06:27,566 INFO o.a.j.r.p.AbstractSampleConsumer: class org.apache.jmeter.report.processor.NormalizerSampleConsumer#stopProducing(): normalizer produced 17 samples
2021-01-21 17:06:27,567 INFO o.a.j.r.p.CsvFileSampleSource: produce(): 17 samples produced in 95ms on channel 0
2021-01-21 17:06:27,567 INFO o.a.j.r.d.ReportGenerator: Exporting data using exporter:'html' of className:'org.apache.jmeter.report.dashboard.HtmlTemplateExporter'
2021-01-21 17:06:27,571 INFO o.a.j.r.d.HtmlTemplateExporter: Will generate dashboard in folder: /Users/rodrigorojas/Documents/Rodrigo/ejemploJMeterMaven/target/jmeter/reports/EjemploRecord_20210121_170620
2021-01-21 17:06:27,658 INFO o.a.j.r.d.HtmlTemplateExporter: Report will be generated in: /Users/rodrigorojas/Documents/Rodrigo/ejemploJMeterMaven/target/jmeter/reports/EjemploRecord_20210121_170620, creating folder structure
2021-01-21 17:06:28,028 INFO o.a.j.JMeter: Dashboard generated
